[debug] [2026-04-06T23:45:51.905Z] ----------------------------------------------------------------------
[debug] [2026-04-06T23:45:51.909Z] Command:       C:\Program Files\nodejs\node.exe C:\Users\manum\AppData\Roaming\npm\node_modules\firebase-tools\lib\bin\firebase.js hosting:sites:list
[debug] [2026-04-06T23:45:51.909Z] CLI Version:   15.12.0
[debug] [2026-04-06T23:45:51.909Z] Platform:      win32
[debug] [2026-04-06T23:45:51.909Z] Node Version:  v24.12.0
[debug] [2026-04-06T23:45:51.910Z] Time:          Tue Apr 07 2026 05:15:51 GMT+0530 (India Standard Time)
[debug] [2026-04-06T23:45:51.910Z] ----------------------------------------------------------------------
[debug] 
[debug] [2026-04-06T23:45:52.131Z] > command requires scopes: ["email","openid","https://www.googleapis.com/auth/cloudplatformprojects.readonly","https://www.googleapis.com/auth/firebase","https://www.googleapis.com/auth/cloud-platform"]
[debug] [2026-04-06T23:45:52.131Z] > authorizing via signed-in user (development.deffenso@gmail.com)
[debug] [2026-04-06T23:45:52.132Z] [iam] checking project deffenso-academy-lms-v1 for permissions ["firebase.projects.get","firebasehosting.sites.get"]
[debug] [2026-04-06T23:45:52.133Z] Checked if tokens are valid: true, expires at: 1775522725444
[debug] [2026-04-06T23:45:52.133Z] Checked if tokens are valid: true, expires at: 1775522725444
[debug] [2026-04-06T23:45:52.133Z] >>> [apiv2][query] POST https://cloudresourcemanager.googleapis.com/v1/projects/deffenso-academy-lms-v1:testIamPermissions [none]
[debug] [2026-04-06T23:45:52.134Z] >>> [apiv2][(partial)header] POST https://cloudresourcemanager.googleapis.com/v1/projects/deffenso-academy-lms-v1:testIamPermissions  x-goog-user-project=deffenso-academy-lms-v1
[debug] [2026-04-06T23:45:52.134Z] >>> [apiv2][body] POST https://cloudresourcemanager.googleapis.com/v1/projects/deffenso-academy-lms-v1:testIamPermissions {"permissions":["firebase.projects.get","firebasehosting.sites.get"]}
[debug] [2026-04-06T23:45:54.205Z] <<< [apiv2][status] POST https://cloudresourcemanager.googleapis.com/v1/projects/deffenso-academy-lms-v1:testIamPermissions 200
[debug] [2026-04-06T23:45:54.206Z] <<< [apiv2][body] POST https://cloudresourcemanager.googleapis.com/v1/projects/deffenso-academy-lms-v1:testIamPermissions {"permissions":["firebase.projects.get","firebasehosting.sites.get"]}
[debug] [2026-04-06T23:45:54.206Z] Checked if tokens are valid: true, expires at: 1775522725444
[debug] [2026-04-06T23:45:54.206Z] Checked if tokens are valid: true, expires at: 1775522725444
[debug] [2026-04-06T23:45:54.207Z] >>> [apiv2][query] GET https://firebasehosting.googleapis.com/v1beta1/projects/deffenso-academy-lms-v1/sites pageToken=&pageSize=10
[debug] [2026-04-06T23:45:55.592Z] <<< [apiv2][status] GET https://firebasehosting.googleapis.com/v1beta1/projects/deffenso-academy-lms-v1/sites 200
[debug] [2026-04-06T23:45:55.592Z] <<< [apiv2][body] GET https://firebasehosting.googleapis.com/v1beta1/projects/deffenso-academy-lms-v1/sites {"sites":[{"name":"projects/deffenso-academy-lms-v1/sites/deffenso-academy-lms-v1","defaultUrl":"https://deffenso-academy-lms-v1.web.app","type":"DEFAULT_SITE"}]}
[info] 
[info] Sites for project deffenso-academy-lms-v1
[info] 
[info] ┌─────────────────────────┬─────────────────────────────────────────┬─────────────────┐
│ Site ID                 │ Default URL                             │ App ID (if set) │
├─────────────────────────┼─────────────────────────────────────────┼─────────────────┤
│ deffenso-academy-lms-v1 │ https://deffenso-academy-lms-v1.web.app │ --              │
└─────────────────────────┴─────────────────────────────────────────┴─────────────────┘
[debug] [2026-04-06T23:46:05.640Z] Error: Timed out.
    at Timeout._onTimeout (C:\Users\manum\AppData\Roaming\npm\node_modules\firebase-tools\lib\utils.js:309:49)
    at listOnTimeout (node:internal/timers:605:17)
    at process.processTimers (node:internal/timers:541:7)
[error] 
[error] Error: An unexpected error has occurred.
